{"level":"error","message":"","service":"user-service"}
{"level":"error","message":"","service":"user-service"}
{"level":"error","message":"","service":"user-service"}
{"level":"error","message":"N","service":"user-service"}
{"level":"error","message":"No es","service":"user-service"}
{"level":"error","message":"No es ","service":"user-service"}
{"level":"error","message":"No es un","service":"user-service"}
{"level":"error","message":"No es un ","service":"user-service"}
{"level":"error","message":"No es un n","service":"user-service"}
{"level":"error","message":"No es un nu","service":"user-service"}
{"level":"error","message":"No es un nume","service":"user-service"}
{"level":"error","message":"No es un numer","service":"user-service"}
{"level":"error","message":"No es un numero","service":"user-service"}
{"level":"error","message":"No es un numero","service":"user-service"}
{"level":"error","message":"No es un numero","service":"user-service"}
{"level":"error","message":"No es un numero","service":"user-service"}
{"level":"error","message":"No es un numero","service":"user-service"}
{"level":"error","message":"No es un numero","service":"user-service"}
{"level":"error","message":"No es un numero","service":"user-service"}
{"level":"error","message":"No es un numero","service":"user-service"}
{"level":"error","message":"No es un numero","service":"user-service"}
{"level":"error","message":"No es un numero","service":"user-service"}
